conf xml: 2015-03-07 01:56:53,758 INFO  (org.springframework.context.support.AbstractApplicationContext:510) - Refreshing org.springframework.context.support.ClassPathXmlApplicationContext@46ab7fb4: startup date [Sat Mar 07 01:56:53 EET 2015]; root of context hierarchy
conf xml: 2015-03-07 01:56:53,814 INFO  (org.springframework.beans.factory.xml.XmlBeanDefinitionReader:317) - Loading XML bean definitions from class path resource [spring/spring-config.xml]
conf xml: 2015-03-07 01:59:12,233 INFO  (org.springframework.context.support.AbstractApplicationContext:510) - Refreshing org.springframework.context.support.ClassPathXmlApplicationContext@83b168f: startup date [Sat Mar 07 01:59:12 EET 2015]; root of context hierarchy
conf xml: 2015-03-07 01:59:12,304 INFO  (org.springframework.beans.factory.xml.XmlBeanDefinitionReader:317) - Loading XML bean definitions from class path resource [spring/spring-config.xml]
conf xml: 2015-03-07 02:02:37,221 WARN  (org.springframework.web.client.RestTemplate:608) - POST request for "http://localhost:8181/select/is-exists" resulted in 500 (Internal Server Error); invoking error handler
conf xml: 2015-03-28 23:04:15,921 INFO  (org.springframework.context.support.AbstractApplicationContext:510) - Refreshing org.springframework.context.support.ClassPathXmlApplicationContext@9394019: startup date [Sat Mar 28 23:04:15 EET 2015]; root of context hierarchy
conf xml: 2015-03-28 23:04:16,032 INFO  (org.springframework.beans.factory.xml.XmlBeanDefinitionReader:317) - Loading XML bean definitions from class path resource [spring/spring-config.xml]
conf xml: 2015-04-01 22:21:59,208 INFO  (org.springframework.context.support.AbstractApplicationContext:510) - Refreshing org.springframework.context.support.ClassPathXmlApplicationContext@64a53bd2: startup date [Wed Apr 01 22:21:59 EEST 2015]; root of context hierarchy
conf xml: 2015-04-01 22:21:59,287 INFO  (org.springframework.beans.factory.xml.XmlBeanDefinitionReader:317) - Loading XML bean definitions from class path resource [spring/spring-config.xml]
conf xml: 2015-04-01 22:26:15,251 WARN  (org.springframework.web.client.RestTemplate:608) - POST request for "http://localhost:8181/update/info/14/10" resulted in 500 (Internal Server Error); invoking error handler
conf xml: 2015-04-01 22:27:21,005 WARN  (org.springframework.web.client.RestTemplate:608) - POST request for "http://localhost:8181/update/info/14/10" resulted in 500 (Internal Server Error); invoking error handler
conf xml: 2015-04-01 22:44:37,533 INFO  (org.springframework.context.support.AbstractApplicationContext:510) - Refreshing org.springframework.context.support.ClassPathXmlApplicationContext@339a049f: startup date [Wed Apr 01 22:44:37 EEST 2015]; root of context hierarchy
conf xml: 2015-04-01 22:44:37,700 INFO  (org.springframework.beans.factory.xml.XmlBeanDefinitionReader:317) - Loading XML bean definitions from class path resource [spring/spring-config.xml]
conf xml: 2015-04-01 22:45:40,002 WARN  (org.springframework.web.client.RestTemplate:608) - GET request for "http://localhost:8181/select/all" resulted in 500 (Internal Server Error); invoking error handler
conf xml: 2015-04-01 22:45:42,646 WARN  (org.springframework.web.client.RestTemplate:608) - GET request for "http://localhost:8181/select/all" resulted in 500 (Internal Server Error); invoking error handler
conf xml: 2015-04-01 22:45:53,582 WARN  (org.springframework.web.client.RestTemplate:608) - GET request for "http://localhost:8181/select/all" resulted in 500 (Internal Server Error); invoking error handler
conf xml: 2015-04-01 22:46:12,585 INFO  (org.springframework.context.support.AbstractApplicationContext:510) - Refreshing org.springframework.context.support.ClassPathXmlApplicationContext@235fc147: startup date [Wed Apr 01 22:46:12 EEST 2015]; root of context hierarchy
conf xml: 2015-04-01 22:46:12,736 INFO  (org.springframework.beans.factory.xml.XmlBeanDefinitionReader:317) - Loading XML bean definitions from class path resource [spring/spring-config.xml]
conf xml: 2015-04-01 22:46:16,395 WARN  (org.springframework.web.client.RestTemplate:608) - GET request for "http://localhost:8181/select/all" resulted in 500 (Internal Server Error); invoking error handler
conf xml: 2015-04-01 22:48:56,754 INFO  (org.springframework.context.support.AbstractApplicationContext:510) - Refreshing org.springframework.context.support.ClassPathXmlApplicationContext@2b391d6d: startup date [Wed Apr 01 22:48:56 EEST 2015]; root of context hierarchy
conf xml: 2015-04-01 22:48:56,867 INFO  (org.springframework.beans.factory.xml.XmlBeanDefinitionReader:317) - Loading XML bean definitions from class path resource [spring/spring-config.xml]
conf xml: 2015-04-01 22:49:01,481 WARN  (org.springframework.web.client.RestTemplate:608) - GET request for "http://localhost:8181/select/all" resulted in 500 (Internal Server Error); invoking error handler
conf xml: 2015-04-01 23:01:12,827 INFO  (org.springframework.context.support.AbstractApplicationContext:510) - Refreshing org.springframework.context.support.ClassPathXmlApplicationContext@7333942e: startup date [Wed Apr 01 23:01:12 EEST 2015]; root of context hierarchy
conf xml: 2015-04-01 23:01:12,975 INFO  (org.springframework.beans.factory.xml.XmlBeanDefinitionReader:317) - Loading XML bean definitions from class path resource [spring/spring-config.xml]
conf xml: 2015-04-01 23:01:19,838 WARN  (org.springframework.web.client.RestTemplate:608) - GET request for "http://localhost:8181/select/all" resulted in 500 (Internal Server Error); invoking error handler
conf xml: 2015-04-01 23:12:28,364 INFO  (org.springframework.context.support.AbstractApplicationContext:510) - Refreshing org.springframework.context.support.ClassPathXmlApplicationContext@61c1ea83: startup date [Wed Apr 01 23:12:28 EEST 2015]; root of context hierarchy
conf xml: 2015-04-01 23:12:28,430 INFO  (org.springframework.beans.factory.xml.XmlBeanDefinitionReader:317) - Loading XML bean definitions from class path resource [spring/spring-config.xml]
conf xml: 2015-04-01 23:12:34,047 WARN  (org.springframework.web.client.RestTemplate:608) - GET request for "http://localhost:8181/select/all" resulted in 500 (Internal Server Error); invoking error handler
conf xml: 2015-04-02 22:03:11,938 INFO  (org.springframework.context.support.AbstractApplicationContext:510) - Refreshing org.springframework.context.support.ClassPathXmlApplicationContext@15248dfc: startup date [Thu Apr 02 22:03:11 EEST 2015]; root of context hierarchy
conf xml: 2015-04-02 22:03:12,072 INFO  (org.springframework.beans.factory.xml.XmlBeanDefinitionReader:317) - Loading XML bean definitions from class path resource [spring/spring-config.xml]
conf xml: 2015-04-06 22:43:52,370 INFO  (org.springframework.context.support.AbstractApplicationContext:510) - Refreshing org.springframework.context.support.ClassPathXmlApplicationContext@4d7d12d8: startup date [Mon Apr 06 22:43:52 EEST 2015]; root of context hierarchy
conf xml: 2015-04-06 22:43:52,478 INFO  (org.springframework.beans.factory.xml.XmlBeanDefinitionReader:317) - Loading XML bean definitions from class path resource [spring/spring-config.xml]
conf xml: 2015-04-06 23:13:06,906 WARN  (org.springframework.web.client.RestTemplate:608) - POST request for "http://localhost:8181/select/is-exists" resulted in 500 (Internal Server Error); invoking error handler
conf xml: 2015-04-07 14:06:04,676 INFO  (org.springframework.context.support.AbstractApplicationContext:510) - Refreshing org.springframework.context.support.ClassPathXmlApplicationContext@4ccd8618: startup date [Tue Apr 07 14:06:04 EEST 2015]; root of context hierarchy
conf xml: 2015-04-07 14:06:04,843 INFO  (org.springframework.beans.factory.xml.XmlBeanDefinitionReader:317) - Loading XML bean definitions from class path resource [spring/spring-config.xml]
conf xml: 2015-04-18 20:08:27,497 INFO  (org.springframework.context.support.AbstractApplicationContext:510) - Refreshing org.springframework.context.support.ClassPathXmlApplicationContext@405243a0: startup date [Sat Apr 18 20:08:27 EEST 2015]; root of context hierarchy
conf xml: 2015-04-18 20:08:27,553 INFO  (org.springframework.beans.factory.xml.XmlBeanDefinitionReader:317) - Loading XML bean definitions from class path resource [spring/spring-config.xml]
conf xml: 2015-04-18 20:09:58,474 INFO  (org.springframework.context.support.AbstractApplicationContext:510) - Refreshing org.springframework.context.support.ClassPathXmlApplicationContext@62c7613e: startup date [Sat Apr 18 20:09:58 EEST 2015]; root of context hierarchy
conf xml: 2015-04-18 20:09:58,571 INFO  (org.springframework.beans.factory.xml.XmlBeanDefinitionReader:317) - Loading XML bean definitions from class path resource [spring/spring-config.xml]
conf xml: 2015-04-18 20:14:54,915 INFO  (org.springframework.context.support.AbstractApplicationContext:510) - Refreshing org.springframework.context.support.ClassPathXmlApplicationContext@10733ba0: startup date [Sat Apr 18 20:14:54 EEST 2015]; root of context hierarchy
conf xml: 2015-04-18 20:14:54,969 INFO  (org.springframework.beans.factory.xml.XmlBeanDefinitionReader:317) - Loading XML bean definitions from class path resource [spring/spring-config.xml]
conf xml: 2015-04-18 20:16:52,282 INFO  (org.springframework.context.support.AbstractApplicationContext:510) - Refreshing org.springframework.context.support.ClassPathXmlApplicationContext@7e39a096: startup date [Sat Apr 18 20:16:52 EEST 2015]; root of context hierarchy
conf xml: 2015-04-18 20:16:52,348 INFO  (org.springframework.beans.factory.xml.XmlBeanDefinitionReader:317) - Loading XML bean definitions from class path resource [spring/spring-config.xml]
conf xml: 2015-04-18 20:18:13,056 INFO  (org.springframework.context.support.AbstractApplicationContext:510) - Refreshing org.springframework.context.support.ClassPathXmlApplicationContext@2f74a1ea: startup date [Sat Apr 18 20:18:13 EEST 2015]; root of context hierarchy
conf xml: 2015-04-18 20:18:13,120 INFO  (org.springframework.beans.factory.xml.XmlBeanDefinitionReader:317) - Loading XML bean definitions from class path resource [spring/spring-config.xml]
conf xml: 2015-04-18 20:19:23,258 INFO  (org.springframework.context.support.AbstractApplicationContext:510) - Refreshing org.springframework.context.support.ClassPathXmlApplicationContext@195a7f23: startup date [Sat Apr 18 20:19:23 EEST 2015]; root of context hierarchy
conf xml: 2015-04-18 20:19:23,347 INFO  (org.springframework.beans.factory.xml.XmlBeanDefinitionReader:317) - Loading XML bean definitions from class path resource [spring/spring-config.xml]
conf xml: 2015-04-18 20:20:10,559 INFO  (org.springframework.context.support.AbstractApplicationContext:510) - Refreshing org.springframework.context.support.ClassPathXmlApplicationContext@229f1b85: startup date [Sat Apr 18 20:20:10 EEST 2015]; root of context hierarchy
conf xml: 2015-04-18 20:20:10,654 INFO  (org.springframework.beans.factory.xml.XmlBeanDefinitionReader:317) - Loading XML bean definitions from class path resource [spring/spring-config.xml]
conf xml: 2015-04-18 20:23:19,949 INFO  (org.springframework.context.support.AbstractApplicationContext:510) - Refreshing org.springframework.context.support.ClassPathXmlApplicationContext@593239cc: startup date [Sat Apr 18 20:23:19 EEST 2015]; root of context hierarchy
conf xml: 2015-04-18 20:23:20,095 INFO  (org.springframework.beans.factory.xml.XmlBeanDefinitionReader:317) - Loading XML bean definitions from class path resource [spring/spring-config.xml]
conf xml: 2015-04-18 20:24:13,746 INFO  (org.springframework.context.support.AbstractApplicationContext:510) - Refreshing org.springframework.context.support.ClassPathXmlApplicationContext@3cdf74a2: startup date [Sat Apr 18 20:24:13 EEST 2015]; root of context hierarchy
conf xml: 2015-04-18 20:24:13,850 INFO  (org.springframework.beans.factory.xml.XmlBeanDefinitionReader:317) - Loading XML bean definitions from class path resource [spring/spring-config.xml]
conf xml: 2015-04-19 20:18:28,242 INFO  (org.springframework.context.support.AbstractApplicationContext:510) - Refreshing org.springframework.context.support.ClassPathXmlApplicationContext@397a4f06: startup date [Sun Apr 19 20:18:28 EEST 2015]; root of context hierarchy
conf xml: 2015-04-19 20:18:28,502 INFO  (org.springframework.beans.factory.xml.XmlBeanDefinitionReader:317) - Loading XML bean definitions from class path resource [spring/spring-config.xml]
conf xml: 2015-04-19 23:39:53,429 INFO  (org.springframework.context.support.AbstractApplicationContext:510) - Refreshing org.springframework.context.support.ClassPathXmlApplicationContext@5ced1888: startup date [Sun Apr 19 23:39:53 EEST 2015]; root of context hierarchy
conf xml: 2015-04-19 23:39:53,595 INFO  (org.springframework.beans.factory.xml.XmlBeanDefinitionReader:317) - Loading XML bean definitions from class path resource [spring/spring-config.xml]
conf xml: 2015-04-19 23:42:03,070 INFO  (org.springframework.context.support.AbstractApplicationContext:510) - Refreshing org.springframework.context.support.ClassPathXmlApplicationContext@1abfe507: startup date [Sun Apr 19 23:42:03 EEST 2015]; root of context hierarchy
conf xml: 2015-04-19 23:42:03,163 INFO  (org.springframework.beans.factory.xml.XmlBeanDefinitionReader:317) - Loading XML bean definitions from class path resource [spring/spring-config.xml]
conf xml: 2015-04-19 23:48:45,510 INFO  (org.springframework.context.support.AbstractApplicationContext:510) - Refreshing org.springframework.context.support.ClassPathXmlApplicationContext@b9c3881: startup date [Sun Apr 19 23:48:45 EEST 2015]; root of context hierarchy
conf xml: 2015-04-19 23:48:45,668 INFO  (org.springframework.beans.factory.xml.XmlBeanDefinitionReader:317) - Loading XML bean definitions from class path resource [spring/spring-config.xml]
conf xml: 2015-04-20 22:24:49,103 INFO  (org.springframework.context.support.AbstractApplicationContext:510) - Refreshing org.springframework.context.support.ClassPathXmlApplicationContext@207bf765: startup date [Mon Apr 20 22:24:49 EEST 2015]; root of context hierarchy
conf xml: 2015-04-20 22:24:49,200 INFO  (org.springframework.beans.factory.xml.XmlBeanDefinitionReader:317) - Loading XML bean definitions from class path resource [spring/spring-config.xml]
conf xml: 2015-04-20 22:26:52,335 INFO  (org.springframework.context.support.AbstractApplicationContext:510) - Refreshing org.springframework.context.support.ClassPathXmlApplicationContext@5398e2b6: startup date [Mon Apr 20 22:26:52 EEST 2015]; root of context hierarchy
conf xml: 2015-04-20 22:26:52,489 INFO  (org.springframework.beans.factory.xml.XmlBeanDefinitionReader:317) - Loading XML bean definitions from class path resource [spring/spring-config.xml]
conf xml: 2015-04-20 22:29:05,060 INFO  (org.springframework.context.support.AbstractApplicationContext:510) - Refreshing org.springframework.context.support.ClassPathXmlApplicationContext@2e711631: startup date [Mon Apr 20 22:29:05 EEST 2015]; root of context hierarchy
conf xml: 2015-04-20 22:29:05,199 INFO  (org.springframework.beans.factory.xml.XmlBeanDefinitionReader:317) - Loading XML bean definitions from class path resource [spring/spring-config.xml]
conf xml: 2015-04-20 22:31:55,773 INFO  (org.springframework.context.support.AbstractApplicationContext:510) - Refreshing org.springframework.context.support.ClassPathXmlApplicationContext@1b494315: startup date [Mon Apr 20 22:31:55 EEST 2015]; root of context hierarchy
conf xml: 2015-04-20 22:31:55,894 INFO  (org.springframework.beans.factory.xml.XmlBeanDefinitionReader:317) - Loading XML bean definitions from class path resource [spring/spring-config.xml]
conf xml: 2015-04-20 22:34:02,881 INFO  (org.springframework.context.support.AbstractApplicationContext:510) - Refreshing org.springframework.context.support.ClassPathXmlApplicationContext@4e111ae4: startup date [Mon Apr 20 22:34:02 EEST 2015]; root of context hierarchy
conf xml: 2015-04-20 22:34:03,034 INFO  (org.springframework.beans.factory.xml.XmlBeanDefinitionReader:317) - Loading XML bean definitions from class path resource [spring/spring-config.xml]
conf xml: 2015-04-20 22:36:40,466 INFO  (org.springframework.context.support.AbstractApplicationContext:510) - Refreshing org.springframework.context.support.ClassPathXmlApplicationContext@402aaf19: startup date [Mon Apr 20 22:36:40 EEST 2015]; root of context hierarchy
conf xml: 2015-04-20 22:36:40,665 INFO  (org.springframework.beans.factory.xml.XmlBeanDefinitionReader:317) - Loading XML bean definitions from class path resource [spring/spring-config.xml]
conf xml: 2015-04-20 23:03:13,383 INFO  (org.springframework.context.support.AbstractApplicationContext:510) - Refreshing org.springframework.context.support.ClassPathXmlApplicationContext@7e85c2db: startup date [Mon Apr 20 23:03:13 EEST 2015]; root of context hierarchy
conf xml: 2015-04-20 23:03:13,506 INFO  (org.springframework.beans.factory.xml.XmlBeanDefinitionReader:317) - Loading XML bean definitions from class path resource [spring/spring-config.xml]
conf xml: 2015-04-20 23:06:27,681 INFO  (org.springframework.context.support.AbstractApplicationContext:510) - Refreshing org.springframework.context.support.ClassPathXmlApplicationContext@3dfdb658: startup date [Mon Apr 20 23:06:27 EEST 2015]; root of context hierarchy
conf xml: 2015-04-20 23:06:27,784 INFO  (org.springframework.beans.factory.xml.XmlBeanDefinitionReader:317) - Loading XML bean definitions from class path resource [spring/spring-config.xml]
conf xml: 2015-04-20 23:12:04,026 INFO  (org.springframework.context.support.AbstractApplicationContext:510) - Refreshing org.springframework.context.support.ClassPathXmlApplicationContext@1ca8f334: startup date [Mon Apr 20 23:12:04 EEST 2015]; root of context hierarchy
conf xml: 2015-04-20 23:12:04,140 INFO  (org.springframework.beans.factory.xml.XmlBeanDefinitionReader:317) - Loading XML bean definitions from class path resource [spring/spring-config.xml]
conf xml: 2015-04-20 23:14:32,881 INFO  (org.springframework.context.support.AbstractApplicationContext:510) - Refreshing org.springframework.context.support.ClassPathXmlApplicationContext@4f197fbf: startup date [Mon Apr 20 23:14:32 EEST 2015]; root of context hierarchy
conf xml: 2015-04-20 23:14:33,056 INFO  (org.springframework.beans.factory.xml.XmlBeanDefinitionReader:317) - Loading XML bean definitions from class path resource [spring/spring-config.xml]
conf xml: 2015-04-20 23:17:16,863 INFO  (org.springframework.context.support.AbstractApplicationContext:510) - Refreshing org.springframework.context.support.ClassPathXmlApplicationContext@65a5b96f: startup date [Mon Apr 20 23:17:16 EEST 2015]; root of context hierarchy
conf xml: 2015-04-20 23:17:17,032 INFO  (org.springframework.beans.factory.xml.XmlBeanDefinitionReader:317) - Loading XML bean definitions from class path resource [spring/spring-config.xml]
conf xml: 2015-04-20 23:21:15,060 INFO  (org.springframework.context.support.AbstractApplicationContext:510) - Refreshing org.springframework.context.support.ClassPathXmlApplicationContext@313e4864: startup date [Mon Apr 20 23:21:15 EEST 2015]; root of context hierarchy
conf xml: 2015-04-20 23:21:15,231 INFO  (org.springframework.beans.factory.xml.XmlBeanDefinitionReader:317) - Loading XML bean definitions from class path resource [spring/spring-config.xml]
conf xml: 2015-04-20 23:23:54,948 INFO  (org.springframework.context.support.AbstractApplicationContext:510) - Refreshing org.springframework.context.support.ClassPathXmlApplicationContext@61650c18: startup date [Mon Apr 20 23:23:54 EEST 2015]; root of context hierarchy
conf xml: 2015-04-20 23:23:55,117 INFO  (org.springframework.beans.factory.xml.XmlBeanDefinitionReader:317) - Loading XML bean definitions from class path resource [spring/spring-config.xml]
conf xml: 2015-04-20 23:25:50,607 INFO  (org.springframework.context.support.AbstractApplicationContext:510) - Refreshing org.springframework.context.support.ClassPathXmlApplicationContext@47eaddc8: startup date [Mon Apr 20 23:25:50 EEST 2015]; root of context hierarchy
conf xml: 2015-04-20 23:25:50,801 INFO  (org.springframework.beans.factory.xml.XmlBeanDefinitionReader:317) - Loading XML bean definitions from class path resource [spring/spring-config.xml]
conf xml: 2015-04-20 23:37:25,833 INFO  (org.springframework.context.support.AbstractApplicationContext:510) - Refreshing org.springframework.context.support.ClassPathXmlApplicationContext@4e199dc1: startup date [Mon Apr 20 23:37:25 EEST 2015]; root of context hierarchy
conf xml: 2015-04-20 23:37:26,021 INFO  (org.springframework.beans.factory.xml.XmlBeanDefinitionReader:317) - Loading XML bean definitions from class path resource [spring/spring-config.xml]
conf xml: 2015-04-20 23:39:25,650 INFO  (org.springframework.context.support.AbstractApplicationContext:510) - Refreshing org.springframework.context.support.ClassPathXmlApplicationContext@17e4b71: startup date [Mon Apr 20 23:39:25 EEST 2015]; root of context hierarchy
conf xml: 2015-04-20 23:39:25,807 INFO  (org.springframework.beans.factory.xml.XmlBeanDefinitionReader:317) - Loading XML bean definitions from class path resource [spring/spring-config.xml]
conf xml: 2015-04-20 23:40:29,601 INFO  (org.springframework.context.support.AbstractApplicationContext:510) - Refreshing org.springframework.context.support.ClassPathXmlApplicationContext@5ddf5ba0: startup date [Mon Apr 20 23:40:29 EEST 2015]; root of context hierarchy
conf xml: 2015-04-20 23:40:29,768 INFO  (org.springframework.beans.factory.xml.XmlBeanDefinitionReader:317) - Loading XML bean definitions from class path resource [spring/spring-config.xml]
conf xml: 2015-04-20 23:42:25,420 INFO  (org.springframework.context.support.AbstractApplicationContext:510) - Refreshing org.springframework.context.support.ClassPathXmlApplicationContext@11a4b809: startup date [Mon Apr 20 23:42:25 EEST 2015]; root of context hierarchy
conf xml: 2015-04-20 23:42:25,557 INFO  (org.springframework.beans.factory.xml.XmlBeanDefinitionReader:317) - Loading XML bean definitions from class path resource [spring/spring-config.xml]
conf xml: 2015-04-20 23:45:48,566 INFO  (org.springframework.context.support.AbstractApplicationContext:510) - Refreshing org.springframework.context.support.ClassPathXmlApplicationContext@7c916848: startup date [Mon Apr 20 23:45:48 EEST 2015]; root of context hierarchy
conf xml: 2015-04-20 23:45:48,668 INFO  (org.springframework.beans.factory.xml.XmlBeanDefinitionReader:317) - Loading XML bean definitions from class path resource [spring/spring-config.xml]
conf xml: 2015-04-20 23:51:25,424 INFO  (org.springframework.context.support.AbstractApplicationContext:510) - Refreshing org.springframework.context.support.ClassPathXmlApplicationContext@22b81abd: startup date [Mon Apr 20 23:51:25 EEST 2015]; root of context hierarchy
conf xml: 2015-04-20 23:51:25,635 INFO  (org.springframework.beans.factory.xml.XmlBeanDefinitionReader:317) - Loading XML bean definitions from class path resource [spring/spring-config.xml]
conf xml: 2015-04-20 23:54:25,361 INFO  (org.springframework.context.support.AbstractApplicationContext:510) - Refreshing org.springframework.context.support.ClassPathXmlApplicationContext@4510c2c0: startup date [Mon Apr 20 23:54:25 EEST 2015]; root of context hierarchy
conf xml: 2015-04-20 23:54:25,476 INFO  (org.springframework.beans.factory.xml.XmlBeanDefinitionReader:317) - Loading XML bean definitions from class path resource [spring/spring-config.xml]
conf xml: 2015-04-21 00:01:24,699 INFO  (org.springframework.context.support.AbstractApplicationContext:510) - Refreshing org.springframework.context.support.ClassPathXmlApplicationContext@1805ddf1: startup date [Tue Apr 21 00:01:24 EEST 2015]; root of context hierarchy
conf xml: 2015-04-21 00:01:24,772 INFO  (org.springframework.beans.factory.xml.XmlBeanDefinitionReader:316) - Loading XML bean definitions from class path resource [spring/spring-config.xml]
conf xml: 2015-04-21 00:06:50,434 INFO  (org.springframework.context.support.AbstractApplicationContext:510) - Refreshing org.springframework.context.support.ClassPathXmlApplicationContext@7f674fef: startup date [Tue Apr 21 00:06:50 EEST 2015]; root of context hierarchy
conf xml: 2015-04-21 00:06:50,545 INFO  (org.springframework.beans.factory.xml.XmlBeanDefinitionReader:316) - Loading XML bean definitions from class path resource [spring/spring-config.xml]
conf xml: 2015-04-21 00:10:04,561 INFO  (org.springframework.context.support.AbstractApplicationContext:510) - Refreshing org.springframework.context.support.ClassPathXmlApplicationContext@44c708d8: startup date [Tue Apr 21 00:10:04 EEST 2015]; root of context hierarchy
conf xml: 2015-04-21 00:10:04,669 INFO  (org.springframework.beans.factory.xml.XmlBeanDefinitionReader:316) - Loading XML bean definitions from class path resource [spring/spring-config.xml]
conf xml: 2015-04-21 00:16:01,220 INFO  (org.springframework.context.support.AbstractApplicationContext:510) - Refreshing org.springframework.context.support.ClassPathXmlApplicationContext@5f0abcbf: startup date [Tue Apr 21 00:16:01 EEST 2015]; root of context hierarchy
conf xml: 2015-04-21 00:16:01,338 INFO  (org.springframework.beans.factory.xml.XmlBeanDefinitionReader:316) - Loading XML bean definitions from class path resource [spring/spring-config.xml]
conf xml: 2015-04-21 00:22:17,571 INFO  (org.springframework.context.support.AbstractApplicationContext:510) - Refreshing org.springframework.context.support.ClassPathXmlApplicationContext@7fc19142: startup date [Tue Apr 21 00:22:17 EEST 2015]; root of context hierarchy
conf xml: 2015-04-21 00:22:17,736 INFO  (org.springframework.beans.factory.xml.XmlBeanDefinitionReader:316) - Loading XML bean definitions from class path resource [spring/spring-config.xml]
conf xml: 2015-04-21 00:30:13,273 INFO  (org.springframework.context.support.AbstractApplicationContext:510) - Refreshing org.springframework.context.support.ClassPathXmlApplicationContext@4cd79d12: startup date [Tue Apr 21 00:30:13 EEST 2015]; root of context hierarchy
conf xml: 2015-04-21 00:30:13,382 INFO  (org.springframework.beans.factory.xml.XmlBeanDefinitionReader:316) - Loading XML bean definitions from class path resource [spring/spring-config.xml]
conf xml: 2015-04-21 00:51:32,813 INFO  (org.springframework.context.support.AbstractApplicationContext:510) - Refreshing org.springframework.context.support.ClassPathXmlApplicationContext@6612cc57: startup date [Tue Apr 21 00:51:32 EEST 2015]; root of context hierarchy
conf xml: 2015-04-21 00:51:32,963 INFO  (org.springframework.beans.factory.xml.XmlBeanDefinitionReader:316) - Loading XML bean definitions from class path resource [spring/spring-config.xml]
conf xml: 2015-04-21 00:54:13,053 INFO  (org.springframework.context.support.AbstractApplicationContext:510) - Refreshing org.springframework.context.support.ClassPathXmlApplicationContext@4cd79d12: startup date [Tue Apr 21 00:54:13 EEST 2015]; root of context hierarchy
conf xml: 2015-04-21 00:54:13,144 INFO  (org.springframework.beans.factory.xml.XmlBeanDefinitionReader:316) - Loading XML bean definitions from class path resource [spring/spring-config.xml]
conf xml: 2015-04-21 00:56:42,755 INFO  (org.springframework.context.support.AbstractApplicationContext:510) - Refreshing org.springframework.context.support.ClassPathXmlApplicationContext@522e89bf: startup date [Tue Apr 21 00:56:42 EEST 2015]; root of context hierarchy
conf xml: 2015-04-21 00:56:42,942 INFO  (org.springframework.beans.factory.xml.XmlBeanDefinitionReader:316) - Loading XML bean definitions from class path resource [spring/spring-config.xml]
conf xml: 2015-04-21 00:57:44,335 INFO  (org.springframework.context.support.AbstractApplicationContext:510) - Refreshing org.springframework.context.support.ClassPathXmlApplicationContext@21a0a2b8: startup date [Tue Apr 21 00:57:44 EEST 2015]; root of context hierarchy
conf xml: 2015-04-21 00:57:44,471 INFO  (org.springframework.beans.factory.xml.XmlBeanDefinitionReader:316) - Loading XML bean definitions from class path resource [spring/spring-config.xml]
conf xml: 2015-04-21 00:59:58,401 INFO  (org.springframework.context.support.AbstractApplicationContext:510) - Refreshing org.springframework.context.support.ClassPathXmlApplicationContext@21c7b761: startup date [Tue Apr 21 00:59:58 EEST 2015]; root of context hierarchy
conf xml: 2015-04-21 00:59:58,578 INFO  (org.springframework.beans.factory.xml.XmlBeanDefinitionReader:316) - Loading XML bean definitions from class path resource [spring/spring-config.xml]
